[debug] [2025-05-29T06:34:33.836Z] [Firebase Plugin] Activating Firebase extension.
[info] [Firebase Plugin] Checked firebase-tools, is up to date!
[debug] [2025-05-29T06:34:36.466Z] [Firebase Plugin] requireAuthWrapper
[debug] [2025-05-29T06:34:36.467Z] > command requires scopes: ["email","openid","https://www.googleapis.com/auth/cloudplatformprojects.readonly","https://www.googleapis.com/auth/firebase","https://www.googleapis.com/auth/cloud-platform"]
[debug] [2025-05-29T06:34:36.468Z] > authorizing via signed-in user (tmampa94@gmail.com)
[debug] [2025-05-29T06:34:36.471Z] Checked if tokens are valid: false, expires at: 1748467251082
[debug] [2025-05-29T06:34:36.471Z] Checked if tokens are valid: false, expires at: 1748467251082
[debug] [2025-05-29T06:34:36.472Z] > refreshing access token with scopes: []
[debug] [2025-05-29T06:34:36.474Z] >>> [apiv2][query] POST https://www.googleapis.com/oauth2/v3/token [none]
[debug] [2025-05-29T06:34:36.474Z] >>> [apiv2][body] POST https://www.googleapis.com/oauth2/v3/token [omitted]
[debug] [2025-05-29T06:34:36.488Z] [Firebase Plugin] VSCode notification server listening on port 40002
[info] [Firebase Plugin] Starting Data Connect toolkit (version 2.6.1) on port 50001
[debug] [2025-05-29T06:34:37.091Z] I0529 08:34:37.070291    8320 control.go:73] [/emulator/cagev1 dac5] UpdateResources(): done
Schema: sources: schema/schema.gql [2088B] 
Connector "default": sources: connector/mutations.gql [1233B] connector/queries.gql [1802B] 
 {"metadata":{"emulator":{"name":"dataconnect"},"message":"I0529 08:34:37.070291    8320 control.go:73] [/emulator/cagev1 dac5] UpdateResources(): done\nSchema: sources: schema/schema.gql [2088B] \nConnector \"default\": sources: connector/mutations.gql [1233B] connector/queries.gql [1802B] \n"}}
[debug] [2025-05-29T06:34:37.093Z] Ignoring unsupported arg: auto_download {"metadata":{"emulator":{"name":"dataconnect"},"message":"Ignoring unsupported arg: auto_download"}}
[debug] [2025-05-29T06:34:37.093Z] Ignoring unsupported arg: port {"metadata":{"emulator":{"name":"dataconnect"},"message":"Ignoring unsupported arg: port"}}
[debug] [2025-05-29T06:34:37.094Z] Starting Data Connect Emulator with command {"binary":"/home/tshephang/.cache/firebase/emulators/dataconnect-emulator-2.6.1","args":["--logtostderr","-v=2","dev","--listen=localhost:50001","--config_dir=/home/tshephang/Desktop/devvvvvv/cage_v1/dataconnect","--enable_output_schema_extensions=true","--enable_output_generated_sdk=true"],"optionalArgs":["listen","config_dir","enable_output_schema_extensions","enable_output_generated_sdk"],"joinArgs":true,"shell":false,"port":9399} {"metadata":{"emulator":{"name":"dataconnect"},"message":"Starting Data Connect Emulator with command {\"binary\":\"/home/tshephang/.cache/firebase/emulators/dataconnect-emulator-2.6.1\",\"args\":[\"--logtostderr\",\"-v=2\",\"dev\",\"--listen=localhost:50001\",\"--config_dir=/home/tshephang/Desktop/devvvvvv/cage_v1/dataconnect\",\"--enable_output_schema_extensions=true\",\"--enable_output_generated_sdk=true\"],\"optionalArgs\":[\"listen\",\"config_dir\",\"enable_output_schema_extensions\",\"enable_output_generated_sdk\"],\"joinArgs\":true,\"shell\":false,\"port\":9399}"}}
[info] i  dataconnect: Data Connect Emulator logging to dataconnect-debug.log {"metadata":{"emulator":{"name":"dataconnect"},"message":"Data Connect Emulator logging to dataconnect-debug.log"}}
[debug] [2025-05-29T06:34:37.159Z] I0529 08:34:37.135229    8331 load.go:37] Reloading schema and connectors...
 {"metadata":{"emulator":{"name":"dataconnect"},"message":"I0529 08:34:37.135229    8331 load.go:37] Reloading schema and connectors...\n"}}
[debug] [2025-05-29T06:34:37.181Z] I0529 08:34:37.176481    8331 control.go:73] [/emulator/cagev1 8666] UpdateResources(): done
Schema: sources: schema/schema.gql [2088B] 
Connector "default": sources: connector/mutations.gql [1233B] connector/queries.gql [1802B] 
 {"metadata":{"emulator":{"name":"dataconnect"},"message":"I0529 08:34:37.176481    8331 control.go:73] [/emulator/cagev1 8666] UpdateResources(): done\nSchema: sources: schema/schema.gql [2088B] \nConnector \"default\": sources: connector/mutations.gql [1233B] connector/queries.gql [1802B] \n"}}
[debug] [2025-05-29T06:34:37.222Z] I0529 08:34:37.205786    8331 collector.go:107] schema extensions wrote into "/home/tshephang/Desktop/devvvvvv/cage_v1/dataconnect/.dataconnect/schema"
Generated sources: prelude.gql [71531B] 
I0529 08:34:37.205818    8331 load.go:115] Finished reloading
I0529 08:34:37.209775    8331 dev.go:95] Listening on address (HTTP + gRPC): 127.0.0.1:50001
 {"metadata":{"emulator":{"name":"dataconnect"},"message":"I0529 08:34:37.205786    8331 collector.go:107] schema extensions wrote into \"/home/tshephang/Desktop/devvvvvv/cage_v1/dataconnect/.dataconnect/schema\"\nGenerated sources: prelude.gql [71531B] \nI0529 08:34:37.205818    8331 load.go:115] Finished reloading\nI0529 08:34:37.209775    8331 dev.go:95] Listening on address (HTTP + gRPC): 127.0.0.1:50001\n"}}
[debug] [2025-05-29T06:34:37.376Z] I0529 08:34:37.375428    8331 engine.go:170] [/emulator/cagev1 8666] ExecuteGraphqlRead IntrospectionQuery: succeeded. 
 {"metadata":{"emulator":{"name":"dataconnect"},"message":"I0529 08:34:37.375428    8331 engine.go:170] [/emulator/cagev1 8666] ExecuteGraphqlRead IntrospectionQuery: succeeded. \n"}}
[debug] [2025-05-29T06:34:37.622Z] <<< [apiv2][status] POST https://www.googleapis.com/oauth2/v3/token 200
[debug] [2025-05-29T06:34:37.623Z] <<< [apiv2][body] POST https://www.googleapis.com/oauth2/v3/token [omitted]
[debug] [2025-05-29T06:34:37.644Z] [Firebase Plugin] User found:  tmampa94@gmail.com
[info] [Firebase Plugin] (Core:Project) New user detected, fetching projects
[debug] [2025-05-29T06:34:37.645Z] Checked if tokens are valid: true, expires at: 1748504076623
[debug] [2025-05-29T06:34:37.646Z] >>> [apiv2][query] GET https://firebase.googleapis.com/v1beta1/projects pageSize=1000
[debug] [2025-05-29T06:34:38.644Z] <<< [apiv2][status] GET https://firebase.googleapis.com/v1beta1/projects 200
[debug] [2025-05-29T06:34:38.645Z] <<< [apiv2][body] GET https://firebase.googleapis.com/v1beta1/projects [omitted]
[debug] [2025-06-13T19:47:41.255Z] [Firebase Plugin] Activating Firebase extension.
[debug] [2025-06-13T19:47:45.095Z] [Firebase Plugin] requireAuthWrapper
[debug] [2025-06-13T19:47:45.097Z] > command requires scopes: ["email","openid","https://www.googleapis.com/auth/cloudplatformprojects.readonly","https://www.googleapis.com/auth/firebase","https://www.googleapis.com/auth/cloud-platform"]
[debug] [2025-06-13T19:47:45.097Z] > authorizing via signed-in user (tmampa94@gmail.com)
[debug] [2025-06-13T19:47:45.103Z] Checked if tokens are valid: false, expires at: 1749826481572
[debug] [2025-06-13T19:47:45.104Z] Checked if tokens are valid: false, expires at: 1749826481572
[debug] [2025-06-13T19:47:45.105Z] > refreshing access token with scopes: []
[debug] [2025-06-13T19:47:45.108Z] >>> [apiv2][query] POST https://www.googleapis.com/oauth2/v3/token [none]
[debug] [2025-06-13T19:47:45.108Z] >>> [apiv2][body] POST https://www.googleapis.com/oauth2/v3/token [omitted]
[debug] [2025-06-13T19:47:45.122Z] [Firebase Plugin] VSCode notification server listening on port 40001
[info] [Firebase Plugin] Starting Data Connect toolkit (version 2.6.3) on port 50001
[info] i  dataconnect: downloading dataconnect-emulator-2.6.3... {"metadata":{"emulator":{"name":"dataconnect"},"message":"downloading dataconnect-emulator-2.6.3..."}}
[debug] [2025-06-13T19:47:46.905Z] >>> [apiv2][query] GET https://storage.googleapis.com/firemat-preview-drop/emulator/dataconnect-emulator-linux-v2.6.3 
[debug] [2025-06-13T19:47:47.463Z] <<< [apiv2][status] POST https://www.googleapis.com/oauth2/v3/token 200
[debug] [2025-06-13T19:47:47.463Z] <<< [apiv2][body] POST https://www.googleapis.com/oauth2/v3/token [omitted]
[debug] [2025-06-13T19:47:47.477Z] [Firebase Plugin] User found:  tmampa94@gmail.com
[info] [Firebase Plugin] (Core:Project) New user detected, fetching projects
[debug] [2025-06-13T19:47:47.478Z] Checked if tokens are valid: true, expires at: 1749847666463
[debug] [2025-06-13T19:47:47.479Z] >>> [apiv2][query] GET https://firebase.googleapis.com/v1beta1/projects pageSize=1000
[debug] [2025-06-13T19:47:47.676Z] <<< [apiv2][status] GET https://storage.googleapis.com/firemat-preview-drop/emulator/dataconnect-emulator-linux-v2.6.3 200
[debug] [2025-06-13T19:47:47.677Z] <<< [apiv2][body] GET https://storage.googleapis.com/firemat-preview-drop/emulator/dataconnect-emulator-linux-v2.6.3 [stream]
[debug] [2025-06-13T19:47:48.530Z] <<< [apiv2][status] GET https://firebase.googleapis.com/v1beta1/projects 200
[debug] [2025-06-13T19:47:48.531Z] <<< [apiv2][body] GET https://firebase.googleapis.com/v1beta1/projects [omitted]
[info] i  dataconnect: Removing outdated emulator files: dataconnect-emulator-2.6.1 {"metadata":{"emulator":{"name":"dataconnect"},"message":"Removing outdated emulator files: dataconnect-emulator-2.6.1"}}
[debug] [2025-06-13T19:47:53.779Z] I0613 21:47:53.759833  154825 control.go:73] [/emulator/cagev1 423c] UpdateResources(): done
Schema: sources: schema/schema.gql [2088B] 
Connector "default": sources: connector/mutations.gql [1233B] connector/queries.gql [1802B] 
 {"metadata":{"emulator":{"name":"dataconnect"},"message":"I0613 21:47:53.759833  154825 control.go:73] [/emulator/cagev1 423c] UpdateResources(): done\nSchema: sources: schema/schema.gql [2088B] \nConnector \"default\": sources: connector/mutations.gql [1233B] connector/queries.gql [1802B] \n"}}
[debug] [2025-06-13T19:47:53.781Z] Ignoring unsupported arg: auto_download {"metadata":{"emulator":{"name":"dataconnect"},"message":"Ignoring unsupported arg: auto_download"}}
[debug] [2025-06-13T19:47:53.781Z] Ignoring unsupported arg: port {"metadata":{"emulator":{"name":"dataconnect"},"message":"Ignoring unsupported arg: port"}}
[debug] [2025-06-13T19:47:53.782Z] Starting Data Connect Emulator with command {"binary":"/home/tshephang/.cache/firebase/emulators/dataconnect-emulator-2.6.3","args":["--logtostderr","-v=2","dev","--listen=localhost:50001","--config_dir=/home/tshephang/Desktop/devvvvvv/cage_v1/dataconnect","--enable_output_schema_extensions=true","--enable_output_generated_sdk=true"],"optionalArgs":["listen","config_dir","enable_output_schema_extensions","enable_output_generated_sdk"],"joinArgs":true,"shell":false,"port":9399} {"metadata":{"emulator":{"name":"dataconnect"},"message":"Starting Data Connect Emulator with command {\"binary\":\"/home/tshephang/.cache/firebase/emulators/dataconnect-emulator-2.6.3\",\"args\":[\"--logtostderr\",\"-v=2\",\"dev\",\"--listen=localhost:50001\",\"--config_dir=/home/tshephang/Desktop/devvvvvv/cage_v1/dataconnect\",\"--enable_output_schema_extensions=true\",\"--enable_output_generated_sdk=true\"],\"optionalArgs\":[\"listen\",\"config_dir\",\"enable_output_schema_extensions\",\"enable_output_generated_sdk\"],\"joinArgs\":true,\"shell\":false,\"port\":9399}"}}
[info] i  dataconnect: Data Connect Emulator logging to dataconnect-debug.log {"metadata":{"emulator":{"name":"dataconnect"},"message":"Data Connect Emulator logging to dataconnect-debug.log"}}
[debug] [2025-06-13T19:47:53.864Z] I0613 21:47:53.844063  154833 load.go:37] Reloading schema and connectors...
 {"metadata":{"emulator":{"name":"dataconnect"},"message":"I0613 21:47:53.844063  154833 load.go:37] Reloading schema and connectors...\n"}}
[debug] [2025-06-13T19:47:53.920Z] I0613 21:47:53.916158  154833 control.go:73] [/emulator/cagev1 5235] UpdateResources(): done
Schema: sources: schema/schema.gql [2088B] 
Connector "default": sources: connector/mutations.gql [1233B] connector/queries.gql [1802B] 
 {"metadata":{"emulator":{"name":"dataconnect"},"message":"I0613 21:47:53.916158  154833 control.go:73] [/emulator/cagev1 5235] UpdateResources(): done\nSchema: sources: schema/schema.gql [2088B] \nConnector \"default\": sources: connector/mutations.gql [1233B] connector/queries.gql [1802B] \n"}}
[debug] [2025-06-13T19:47:54.017Z] I0613 21:47:53.960041  154833 collector.go:107] schema extensions wrote into "/home/tshephang/Desktop/devvvvvv/cage_v1/dataconnect/.dataconnect/schema"
Generated sources: prelude.gql [71531B] 
I0613 21:47:53.960094  154833 load.go:115] Finished reloading
I0613 21:47:53.960623  154833 dev.go:95] Listening on address (HTTP + gRPC): 127.0.0.1:50001
 {"metadata":{"emulator":{"name":"dataconnect"},"message":"I0613 21:47:53.960041  154833 collector.go:107] schema extensions wrote into \"/home/tshephang/Desktop/devvvvvv/cage_v1/dataconnect/.dataconnect/schema\"\nGenerated sources: prelude.gql [71531B] \nI0613 21:47:53.960094  154833 load.go:115] Finished reloading\nI0613 21:47:53.960623  154833 dev.go:95] Listening on address (HTTP + gRPC): 127.0.0.1:50001\n"}}
[debug] [2025-06-13T19:47:54.170Z] I0613 21:47:54.169440  154833 engine.go:170] [/emulator/cagev1 5235] ExecuteGraphqlRead IntrospectionQuery: succeeded. 
 {"metadata":{"emulator":{"name":"dataconnect"},"message":"I0613 21:47:54.169440  154833 engine.go:170] [/emulator/cagev1 5235] ExecuteGraphqlRead IntrospectionQuery: succeeded. \n"}}
